<?xml version="1.0" encoding="UTF-8"?>
<!-- Generated by org.testng.reporters.JUnitReportReporter -->
<testsuite hostname="DESKTOP-I0BIVMT" failures="0" tests="1" name="tests.AppTest" time="0.005" errors="0" timestamp="2022-08-16T01:58:51 EDT" skipped="0">
  <testcase classname="tests.AppTest" name="shouldAnswerWithTrue" time="0.005"/>
  <system-out/>
</testsuite> <!-- tests.AppTest -->
