<?xml version="1.0" encoding="UTF-8"?>
<!-- Generated by org.testng.reporters.JUnitReportReporter -->
<testsuite hostname="DESKTOP-I0BIVMT" failures="0" tests="2" name="tests.Testing2" time="0.002" errors="0" timestamp="2022-08-16T01:38:18 EDT" skipped="0">
  <testcase classname="tests.Testing2" name="test5" time="0.001"/>
  <system-out/>
  <testcase classname="tests.Testing2" name="test4" time="0.001"/>
  <system-out/>
</testsuite> <!-- tests.Testing2 -->
